<?xml version="1.0" encoding="UTF-8"?>
<testsuite xmlns:xsi="http://www.w3.org/2001/XMLSchema-instance" xsi:noNamespaceSchemaLocation="https://maven.apache.org/surefire/maven-surefire-plugin/xsd/surefire-test-report-3.0.xsd" version="3.0" name="co.edu.unicauca.openmarket.domain.service.ServiceTest" time="0.286" tests="12" errors="0" skipped="0" failures="0">
  <properties>
[...]
</properties>
  <testcase name="testEditCategory" classname="co.edu.unicauca.openmarket.domain.service.ServiceTest" time="0.204">
    <system-out><![CDATA[editCategory
]]></system-out>
  </testcase>
  <testcase name="testFindProductById" classname="co.edu.unicauca.openmarket.domain.service.ServiceTest" time="0.0">
    <system-out><![CDATA[findProductById
]]></system-out>
  </testcase>
  <testcase name="testSaveProduct" classname="co.edu.unicauca.openmarket.domain.service.ServiceTest" time="0.0">
    <system-out><![CDATA[saveProduct
]]></system-out>
  </testcase>
  <testcase name="testFindByCategory" classname="co.edu.unicauca.openmarket.domain.service.ServiceTest" time="0.0">
    <system-out><![CDATA[findByCategory
]]></system-out>
  </testcase>
  <testcase name="testFindAllProducts" classname="co.edu.unicauca.openmarket.domain.service.ServiceTest" time="0.0">
    <system-out><![CDATA[findAllProducts
]]></system-out>
  </testcase>
  <testcase name="testEditProduct" classname="co.edu.unicauca.openmarket.domain.service.ServiceTest" time="0.0">
    <system-out><![CDATA[editProduct
]]></system-out>
  </testcase>
  <testcase name="testSaveCategory" classname="co.edu.unicauca.openmarket.domain.service.ServiceTest" time="0.0">
    <system-out><![CDATA[saveCategory
]]></system-out>
  </testcase>
  <testcase name="testDeleteCategory" classname="co.edu.unicauca.openmarket.domain.service.ServiceTest" time="0.0">
    <system-out><![CDATA[deleteCategory
]]></system-out>
  </testcase>
  <testcase name="testFindProductByName" classname="co.edu.unicauca.openmarket.domain.service.ServiceTest" time="0.0">
    <system-out><![CDATA[findProductByName
]]></system-out>
  </testcase>
  <testcase name="testFindCategory" classname="co.edu.unicauca.openmarket.domain.service.ServiceTest" time="0.0">
    <system-out><![CDATA[findCategory
]]></system-out>
  </testcase>
  <testcase name="testDeleteProduct" classname="co.edu.unicauca.openmarket.domain.service.ServiceTest" time="0.0">
    <system-out><![CDATA[deleteProduct
]]></system-out>
  </testcase>
  <testcase name="testFindAllCategorys" classname="co.edu.unicauca.openmarket.domain.service.ServiceTest" time="0.0">
    <system-out><![CDATA[findAllCategorys
]]></system-out>
  </testcase>
</testsuite>